[2025-04-11 13:50:29] Welcome!
[2025-04-11 13:50:29] Logger started, logging into `/Users/jschaul/Code/omnipath-next/extra_tables/pypath_log/pypath-040cm.log`.
[2025-04-11 13:50:29] Session `040cm` started.
[2025-04-11 13:50:29] Config has been read from the following files:
[2025-04-11 13:50:29]   - /Users/jschaul/Code/omnipath-next/extra_tables/.venv/lib/python3.12/site-packages/pypath_common/data/settings.yaml
[2025-04-11 13:50:29] [pypath] 
	- session ID: `040cm`
	- working directory: `/Users/jschaul/Code/omnipath-next/extra_tables`
	- logfile: `/Users/jschaul/Code/omnipath-next/extra_tables/pypath_log/pypath-040cm.log`
	- config: 
		- /Users/jschaul/Code/omnipath-next/extra_tables/.venv/lib/python3.12/site-packages/pypath_common/data/settings.yaml
	- pypath version: 0.16.19
	- imported from: `/Users/jschaul/Code/omnipath-next/extra_tables/.venv/lib/python3.12/site-packages/pypath`
	- Python version: 3.12.7 | packaged by Anaconda, Inc. | (main, Oct  4 2024, 08:22:19) [Clang 14.0.6 ]
	- Platform: macOS-15.3.2-arm64-arm-64bit
[2025-04-11 13:50:29] [pypath] pypath
[2025-04-11 13:50:29] [curl] Creating Curl object to retrieve data from `https://www.ebi.ac.uk/unichem/api/v1/sources/`
[2025-04-11 13:50:29] [curl] Cache file path: `/Users/jschaul/Library/Caches/pypath/b2a060ead30932cabb4a6e993539989e-`
[2025-04-11 13:50:29] [curl] Cache file found, no need for download.
[2025-04-11 13:50:29] [curl] Loading data from cache previously downloaded from `www.ebi.ac.uk`
[2025-04-11 13:50:29] [curl] Opening file `/Users/jschaul/Library/Caches/pypath/b2a060ead30932cabb4a6e993539989e-`
[2025-04-11 13:50:29] [curl] Extracting data from file type `plain`
[2025-04-11 13:50:29] [curl] Opening plain text file `/Users/jschaul/Library/Caches/pypath/b2a060ead30932cabb4a6e993539989e-`.
[2025-04-11 13:50:29] [curl] Contents of `/Users/jschaul/Library/Caches/pypath/b2a060ead30932cabb4a6e993539989e-` has been read and the file has been closed.
[2025-04-11 13:50:29] [curl] File at `https://www.ebi.ac.uk/unichem/api/v1/sources/` successfully retrieved. Resulted file type `plain text, unicode string`. Local file at
                      `/Users/jschaul/Library/Caches/pypath/b2a060ead30932cabb4a6e993539989e-`.
[2025-04-11 13:50:29] [curl] Creating Curl object to retrieve data from `https://www.ensembl.org/info/about/species.html`
[2025-04-11 13:50:29] [curl] Cache file path: `/Users/jschaul/Library/Caches/pypath/535b06d53a59e75bb693369bc5fdc556-species.html`
[2025-04-11 13:50:29] [curl] Cache file found, no need for download.
[2025-04-11 13:50:29] [curl] Opening plain text file `/Users/jschaul/Library/Caches/pypath/535b06d53a59e75bb693369bc5fdc556-species.html`.
[2025-04-11 13:50:29] [curl] Contents of `/Users/jschaul/Library/Caches/pypath/535b06d53a59e75bb693369bc5fdc556-species.html` has been read and the file has been closed.
[2025-04-11 13:50:29] [curl] Creating Curl object to retrieve data from `https://www.ensembl.org/info/about/species.html`
[2025-04-11 13:50:29] [curl] Cache file path: `/Users/jschaul/Library/Caches/pypath/535b06d53a59e75bb693369bc5fdc556-species.html`
[2025-04-11 13:50:29] [curl] Cache file found, no need for download.
[2025-04-11 13:50:29] [curl] Opening plain text file `/Users/jschaul/Library/Caches/pypath/535b06d53a59e75bb693369bc5fdc556-species.html`.
[2025-04-11 13:50:29] [curl] Contents of `/Users/jschaul/Library/Caches/pypath/535b06d53a59e75bb693369bc5fdc556-species.html` has been read and the file has been closed.
[2025-04-11 13:50:29] [curl] Creating Curl object to retrieve data from `https://www.ensembl.org/info/about/species.html`
[2025-04-11 13:50:29] [curl] Cache file path: `/Users/jschaul/Library/Caches/pypath/535b06d53a59e75bb693369bc5fdc556-species.html`
[2025-04-11 13:50:29] [curl] Cache file found, no need for download.
[2025-04-11 13:50:29] [curl] Opening plain text file `/Users/jschaul/Library/Caches/pypath/535b06d53a59e75bb693369bc5fdc556-species.html`.
[2025-04-11 13:50:29] [curl] Contents of `/Users/jschaul/Library/Caches/pypath/535b06d53a59e75bb693369bc5fdc556-species.html` has been read and the file has been closed.
[2025-04-11 13:50:29] [pypath] pypath
[2025-04-11 13:50:29] [curl] Creating Curl object to retrieve data from `https://www.ebi.ac.uk/unichem/api/v1/sources/`
[2025-04-11 13:50:29] [curl] Cache file path: `/Users/jschaul/Library/Caches/pypath/b2a060ead30932cabb4a6e993539989e-`
[2025-04-11 13:50:29] [curl] Cache file found, no need for download.
[2025-04-11 13:50:29] [curl] Loading data from cache previously downloaded from `www.ebi.ac.uk`
[2025-04-11 13:50:29] [curl] Opening file `/Users/jschaul/Library/Caches/pypath/b2a060ead30932cabb4a6e993539989e-`
[2025-04-11 13:50:29] [curl] Extracting data from file type `plain`
[2025-04-11 13:50:29] [curl] Opening plain text file `/Users/jschaul/Library/Caches/pypath/b2a060ead30932cabb4a6e993539989e-`.
[2025-04-11 13:50:29] [curl] Contents of `/Users/jschaul/Library/Caches/pypath/b2a060ead30932cabb4a6e993539989e-` has been read and the file has been closed.
[2025-04-11 13:50:29] [curl] File at `https://www.ebi.ac.uk/unichem/api/v1/sources/` successfully retrieved. Resulted file type `plain text, unicode string`. Local file at
                      `/Users/jschaul/Library/Caches/pypath/b2a060ead30932cabb4a6e993539989e-`.
[2025-04-11 13:50:29] [curl] Creating Curl object to retrieve data from `https://rampdb.nih.gov/api/id-types`
[2025-04-11 13:50:29] [curl] Cache file path: `/Users/jschaul/Library/Caches/pypath/c058901753f61743bf55db935731cff1-id-types`
[2025-04-11 13:50:29] [curl] Cache file found, no need for download.
[2025-04-11 13:50:29] [curl] Opening plain text file `/Users/jschaul/Library/Caches/pypath/c058901753f61743bf55db935731cff1-id-types`.
[2025-04-11 13:50:29] [curl] Contents of `/Users/jschaul/Library/Caches/pypath/c058901753f61743bf55db935731cff1-id-types` has been read and the file has been closed.
[2025-04-11 13:50:29] [network_resources] Could not find data model for resource `Negatome` in set `negative`.
[2025-04-11 13:50:29] [network_resources] Could not find data model for resource `ORegAnno` in set `transcription_deprecated`.
[2025-04-11 13:50:29] [resource_controller] Loading resource information from JSON file: /Users/jschaul/Code/omnipath-next/extra_tables/.venv/lib/python3.12/site-packages/pypath/resources/data/resources.json
[2025-04-11 13:50:29] [resource_controller] Resource information has been read from `/Users/jschaul/Code/omnipath-next/extra_tables/.venv/lib/python3.12/site-packages/pypath/resources/data/resources.json`.
[2025-04-11 13:50:29] [licenses] Populating license database from directory `/Users/jschaul/Code/omnipath-next/extra_tables/.venv/lib/python3.12/site-packages/pypath/data/licenses`.
[2025-04-11 13:50:29] [licenses] Added license `Unspecified NC-SA` (purpose = academic, sharing = alike, attrib = attrib).
[2025-04-11 13:50:29] [licenses] Added license `PhosphoNetworks` (purpose = non_profit, sharing = alike, attrib = attrib).
[2025-04-11 13:50:29] [licenses] Added license `Apache 2.0` (purpose = commercial, sharing = alike, attrib = attrib).
[2025-04-11 13:50:29] [licenses] Added license `HPRD` (purpose = academic, sharing = free, attrib = attrib).
[2025-04-11 13:50:29] [licenses] Added license `Informal` (purpose = commercial, sharing = free, attrib = attrib).
[2025-04-11 13:50:29] [licenses] Added license `PDB` (purpose = commercial, sharing = free, attrib = attrib).
[2025-04-11 13:50:29] [licenses] Added license `CC BY-NC 4.0` (purpose = academic, sharing = free, attrib = attrib).
[2025-04-11 13:50:29] [licenses] Added license `AFL 3.0` (purpose = academic, sharing = alike, attrib = attrib).
[2025-04-11 13:50:29] [licenses] Added license `COSMIC` (purpose = academic, sharing = free, attrib = attrib).
[2025-04-11 13:50:29] [licenses] Added license `DSL` (purpose = commercial, sharing = alike, attrib = attrib).
[2025-04-11 13:50:29] [licenses] Added license `CC BY 4.0` (purpose = commercial, sharing = free, attrib = attrib).
[2025-04-11 13:50:29] [licenses] Added license `CC BY-ND 4.0` (purpose = commercial, sharing = noderiv, attrib = attrib).
[2025-04-11 13:50:29] [licenses] Added license `I2D` (purpose = academic, sharing = free, attrib = attrib).
[2025-04-11 13:50:29] [licenses] Added license `OpenTargets` (purpose = academic, sharing = free, attrib = attrib).
[2025-04-11 13:50:29] [licenses] Added license `CC BY-NC-ND 4.0` (purpose = academic, sharing = noderiv, attrib = attrib).
[2025-04-11 13:50:29] [licenses] Added license `CC BY-NC-SA 3.0` (purpose = academic, sharing = alike, attrib = attrib).
[2025-04-11 13:50:29] [licenses] Added license `No license` (purpose = ignore, sharing = ignore, attrib = attrib).
[2025-04-11 13:50:29] [licenses] Added license `CC BY-SA 4.0` (purpose = commercial, sharing = alike, attrib = attrib).
[2025-04-11 13:50:29] [licenses] Added license `Composite` (purpose = composite, sharing = composite, attrib = attrib).
[2025-04-11 13:50:29] [licenses] Added license `CellCellInteractions` (purpose = non_profit, sharing = alike, attrib = attrib).
[2025-04-11 13:50:29] [licenses] Added license `CC BY-NC 2.0` (purpose = academic, sharing = free, attrib = attrib).
[2025-04-11 13:50:29] [licenses] Added license `CC BY 3.0` (purpose = commercial, sharing = free, attrib = attrib).
[2025-04-11 13:50:29] [licenses] Added license `CC BY-ND 3.0` (purpose = commercial, sharing = noderiv, attrib = attrib).
[2025-04-11 13:50:29] [licenses] Added license `miRecords` (purpose = commercial, sharing = free, attrib = attrib).
[2025-04-11 13:50:29] [licenses] Added license `NAR Open Access` (purpose = commercial, sharing = alike, attrib = attrib).
[2025-04-11 13:50:29] [licenses] Added license `EUL` (purpose = academic, sharing = alike, attrib = attrib).
[2025-04-11 13:50:29] [licenses] Added license `HPO` (purpose = academic, sharing = alike, attrib = attrib).
[2025-04-11 13:50:29] [licenses] Added license `Kinase.com` (purpose = non_profit, sharing = alike, attrib = attrib).
[2025-04-11 13:50:29] [licenses] Added license `Artistic-2.0` (purpose = commercial, sharing = alike, attrib = attrib).
[2025-04-11 13:50:29] [licenses] Added license `CC BY-NC-ND 3.0` (purpose = nonprofit, sharing = noderiv, attrib = attrib).
[2025-04-11 13:50:29] [licenses] Added license `CC BY-SA 2.5` (purpose = commercial, sharing = alike, attrib = attrib).
[2025-04-11 13:50:29] [licenses] Added license `CC BY-NC-SA 4.0` (purpose = academic, sharing = alike, attrib = attrib).
[2025-04-11 13:50:29] [licenses] Added license `miRTarBase` (purpose = academic, sharing = free, attrib = attrib).
[2025-04-11 13:50:29] [licenses] Added license `LGPLv3` (purpose = commercial, sharing = free, attrib = attrib).
[2025-04-11 13:50:29] [licenses] Added license `CC BY-SA 3.0` (purpose = commercial, sharing = alike, attrib = attrib).
[2025-04-11 13:50:29] [licenses] Added license `ELM` (purpose = academic, sharing = free, attrib = attrib).
[2025-04-11 13:50:29] [licenses] Added license `HGNC` (purpose = commercial, sharing = free, attrib = attrib).
[2025-04-11 13:50:29] [licenses] Added license `MIT` (purpose = commercial, sharing = free, attrib = attrib).
[2025-04-11 13:50:29] [licenses] Added license `CytoSig` (purpose = non_profit, sharing = alike, attrib = attrib).
[2025-04-11 13:50:29] [licenses] Added license `CC BY 2.5` (purpose = commercial, sharing = free, attrib = attrib).
[2025-04-11 13:50:29] [licenses] Added license `KEGG` (purpose = ignore, sharing = ignore, attrib = attrib).
[2025-04-11 13:50:29] [licenses] Added license `GPLv2` (purpose = commercial, sharing = alike, attrib = attrib).
[2025-04-11 13:50:29] [licenses] Added license `CC0 1.0` (purpose = commercial, sharing = free, attrib = noattrib).
[2025-04-11 13:50:29] [licenses] Added license `BioCarta` (purpose = academic, sharing = alike, attrib = attrib).
[2025-04-11 13:50:29] [licenses] Added license `MPPI` (purpose = commercial, sharing = free, attrib = attrib).
[2025-04-11 13:50:29] [licenses] Added license `BSD` (purpose = commercial, sharing = alike, attrib = attrib).
